i:\work\xml\xmllib\debug\xmllib.pch
i:\work\xml\xmllib\debug\xmllib.pdb
i:\work\xml\xmllib\debug\xmllib.idb
i:\work\xml\xmllib\debug\stdafx.obj
i:\work\xml\xmllib\debug\xmlwriter.obj
i:\work\xml\xmllib\debug\xmlstring.obj
i:\work\xml\xmllib\debug\xmlreader.obj
i:\work\xml\xmllib\debug\xmlparser.obj
i:\work\xml\xmllib\debug\xmlnode.obj
i:\work\xml\xmllib\debug\xmlnamespace.obj
i:\work\xml\xmllib\debug\xmldocument.obj
i:\work\xml\xmllib\debug\xmlcommon.obj
i:\work\xml\xmllib\debug\xmlattribute.obj
i:\work\xml\xmllib\debug\utf8buffer.obj
i:\work\xml\xml.test\debug\xmllib.lib
i:\work\xml\xml.test\debug\xmllib.pdb
i:\work\xml\xmllib\debug\xmllib.tlog\cl.command.1.tlog
i:\work\xml\xmllib\debug\xmllib.tlog\cl.read.1.tlog
i:\work\xml\xmllib\debug\xmllib.tlog\cl.write.1.tlog
i:\work\xml\xmllib\debug\xmllib.tlog\lib-link.read.1.tlog
i:\work\xml\xmllib\debug\xmllib.tlog\lib-link.write.1.tlog
i:\work\xml\xmllib\debug\xmllib.tlog\lib.command.1.tlog
